  AmplificationTester.cpp
AmplificationTester.cpp(22): warning C4305: 'argument': truncation from '__int64' to 'long'
AmplificationTester.cpp(22): warning C4309: 'argument': truncation of constant value
AmplificationTester.cpp(75): warning C4244: 'return': conversion from 'uint64' to '::size_t', possible loss of data
AmplificationTester.cpp(79): warning C4244: 'return': conversion from 'uint64' to '::size_t', possible loss of data
AmplificationTester.cpp(105): warning C4244: 'argument': conversion from 'double' to 'const unsigned int', possible loss of data
AmplificationTester.cpp(119): warning C4018: '>=': signed/unsigned mismatch
AmplificationTester.cpp(121): warning C4244: 'argument': conversion from 'double' to 'unsigned int', possible loss of data
AmplificationTester.cpp(122): warning C4244: 'argument': conversion from 'double' to 'unsigned int', possible loss of data
AmplificationTester.cpp(123): warning C4244: 'argument': conversion from 'double' to 'unsigned int', possible loss of data
AmplificationTester.cpp(124): warning C4244: 'initializing': conversion from 'double' to 'int', possible loss of data
AmplificationTester.cpp(125): warning C4244: 'initializing': conversion from 'double' to 'int', possible loss of data
AmplificationTester.cpp(130): warning C4018: '<': signed/unsigned mismatch
AmplificationTester.cpp(177): warning C4018: '<': signed/unsigned mismatch
AmplificationTester.cpp(178): warning C4018: '<': signed/unsigned mismatch
AmplificationTester.cpp(179): warning C4018: '<': signed/unsigned mismatch
  Generating code
  1 of 212 functions ( 0.5%) were compiled, the rest were copied from previous compilation.
    0 functions were new in current compilation
    0 functions had inline decision re-evaluated but remain unchanged
  Finished generating code
  Project3.vcxproj -> C:\Users\Owner\source\repos\Stacked AMQ Data Structure\Release\Amplified Bloom Filters.exe
